2023-06-19 09:46:05.655  INFO 20576 --- [restartedMain] com.yash.ytms.YtmsApplication            : Starting YtmsApplication using Java 17.0.4.1 on YI1016720LT with PID 20576 (D:\yash-internal-project\git\dev\ytms\target\classes started by dheerendra.kag in D:\yash-internal-project\git\dev\ytms)
2023-06-19 09:46:05.664  INFO 20576 --- [restartedMain] com.yash.ytms.YtmsApplication            : No active profile set, falling back to 1 default profile: "default"
2023-06-19 09:46:05.744  INFO 20576 --- [restartedMain] .e.DevToolsPropertyDefaultsPostProcessor : Devtools property defaults active! Set 'spring.devtools.add-properties' to 'false' to disable
2023-06-19 09:46:05.744  INFO 20576 --- [restartedMain] .e.DevToolsPropertyDefaultsPostProcessor : For additional web related logging consider setting the 'logging.level.web' property to 'DEBUG'
2023-06-19 09:46:07.102  INFO 20576 --- [restartedMain] .s.d.r.c.RepositoryConfigurationDelegate : Bootstrapping Spring Data JPA repositories in DEFAULT mode.
2023-06-19 09:46:07.247  INFO 20576 --- [restartedMain] .s.d.r.c.RepositoryConfigurationDelegate : Finished Spring Data repository scanning in 133 ms. Found 8 JPA repository interfaces.
2023-06-19 09:46:08.199  INFO 20576 --- [restartedMain] o.s.b.w.embedded.tomcat.TomcatWebServer  : Tomcat initialized with port(s): 8080 (http)
2023-06-19 09:46:08.210  INFO 20576 --- [restartedMain] o.apache.catalina.core.StandardService   : Starting service [Tomcat]
2023-06-19 09:46:08.210  INFO 20576 --- [restartedMain] org.apache.catalina.core.StandardEngine  : Starting Servlet engine: [Apache Tomcat/9.0.74]
2023-06-19 09:46:08.392  INFO 20576 --- [restartedMain] o.a.c.c.C.[Tomcat].[localhost].[/]       : Initializing Spring embedded WebApplicationContext
2023-06-19 09:46:08.393  INFO 20576 --- [restartedMain] w.s.c.ServletWebServerApplicationContext : Root WebApplicationContext: initialization completed in 2648 ms
2023-06-19 09:46:08.615  INFO 20576 --- [restartedMain] o.hibernate.jpa.internal.util.LogHelper  : HHH000204: Processing PersistenceUnitInfo [name: default]
2023-06-19 09:46:08.666  INFO 20576 --- [restartedMain] org.hibernate.Version                    : HHH000412: Hibernate ORM core version 5.6.15.Final
2023-06-19 09:46:08.834  INFO 20576 --- [restartedMain] o.hibernate.annotations.common.Version   : HCANN000001: Hibernate Commons Annotations {5.1.2.Final}
2023-06-19 09:46:08.933  INFO 20576 --- [restartedMain] com.zaxxer.hikari.HikariDataSource       : HikariPool-1 - Starting...
2023-06-19 09:46:09.140  INFO 20576 --- [restartedMain] com.zaxxer.hikari.HikariDataSource       : HikariPool-1 - Start completed.
2023-06-19 09:46:09.156  INFO 20576 --- [restartedMain] org.hibernate.dialect.Dialect            : HHH000400: Using dialect: org.hibernate.dialect.MySQL5InnoDBDialect
2023-06-19 09:46:10.267  INFO 20576 --- [restartedMain] o.h.e.t.j.p.i.JtaPlatformInitiator       : HHH000490: Using JtaPlatform implementation: [org.hibernate.engine.transaction.jta.platform.internal.NoJtaPlatform]
2023-06-19 09:46:10.279  INFO 20576 --- [restartedMain] j.LocalContainerEntityManagerFactoryBean : Initialized JPA EntityManagerFactory for persistence unit 'default'
2023-06-19 09:46:11.010  WARN 20576 --- [restartedMain] JpaBaseConfiguration$JpaWebConfiguration : spring.jpa.open-in-view is enabled by default. Therefore, database queries may be performed during view rendering. Explicitly configure spring.jpa.open-in-view to disable this warning
2023-06-19 09:46:12.090  INFO 20576 --- [restartedMain] pertySourcedRequestMappingHandlerMapping : Mapped URL path [/v2/api-docs] onto method [springfox.documentation.swagger2.web.Swagger2Controller#getDocumentation(String, HttpServletRequest)]
2023-06-19 09:46:12.322  INFO 20576 --- [restartedMain] o.s.s.web.DefaultSecurityFilterChain     : Will secure any request with [org.springframework.security.web.session.DisableEncodeUrlFilter@21f93d20, org.springframework.security.web.context.request.async.WebAsyncManagerIntegrationFilter@6f0c6346, org.springframework.security.web.context.SecurityContextPersistenceFilter@65c1aed5, org.springframework.security.web.header.HeaderWriterFilter@64398a1b, org.springframework.web.filter.CorsFilter@7566bf99, org.springframework.security.web.authentication.logout.LogoutFilter@26450699, com.yash.ytms.config.JwtRequestFilter@b2fba41, org.springframework.security.web.savedrequest.RequestCacheAwareFilter@40905c15, org.springframework.security.web.servletapi.SecurityContextHolderAwareRequestFilter@4dc61936, org.springframework.security.web.authentication.AnonymousAuthenticationFilter@32031193, org.springframework.security.web.session.SessionManagementFilter@88036a5, org.springframework.security.web.access.ExceptionTranslationFilter@2452b9a8, org.springframework.security.web.access.intercept.FilterSecurityInterceptor@73f53683]
2023-06-19 09:46:12.500  INFO 20576 --- [restartedMain] o.s.b.d.a.OptionalLiveReloadServer       : LiveReload server is running on port 35729
2023-06-19 09:46:12.815  INFO 20576 --- [restartedMain] o.s.b.w.embedded.tomcat.TomcatWebServer  : Tomcat started on port(s): 8080 (http) with context path ''
2023-06-19 09:46:12.816  INFO 20576 --- [restartedMain] d.s.w.p.DocumentationPluginsBootstrapper : Context refreshed
2023-06-19 09:46:12.847  INFO 20576 --- [restartedMain] d.s.w.p.DocumentationPluginsBootstrapper : Found 1 custom documentation plugin(s)
2023-06-19 09:46:12.942  INFO 20576 --- [restartedMain] s.d.s.w.s.ApiListingReferenceScanner     : Scanning for api listing references
2023-06-19 09:46:13.499  INFO 20576 --- [restartedMain] com.yash.ytms.YtmsApplication            : Started YtmsApplication in 8.282 seconds (JVM running for 10.319)
